<?xml version="1.0" encoding="utf-8"?>
<log version="1.0" tool="runtool">

<msg id="1" tool="runtool">
  <type>log-start</type>
  <arg>2012/10/29 21:04:09</arg>
</msg>
<msg id="2" tool="runtool">
  <type>mc-starts</type>
</msg>
<msg id="3" tool="runtool">
  <type>marker-file</type>
  <arg>I:\MG\Project\MGCode\Projects\Tool\Robot\My Inspector Results\r000mi4\r000mi4.insp</arg>
</msg>
<msg id="4" tool="mc">
  <type>2001</type>
  <arg>I:\MG\Project\MGCode\Bin\Tool\Robot\MGRobot_d.exe</arg>
  <arg>6112</arg>
  <arg>I:\MG\Project\MGCode\Projects\Tool\Robot\My Inspector Results\r000mi4\data.0\mc_MGRobot_d_6112.pdr</arg>
  <description>Analysis started for I:\MG\Project\MGCode\Bin\Tool\Robot\MGRobot_d.exe, pid = 6112, status file = I:\MG\Project\MGCode\Projects\Tool\Robot\My Inspector Results\r000mi4\data.0\mc_MGRobot_d_6112.pdr</description>
  <severity>2</severity>
</msg>
<msg id="5" tool="mc">
  <type>2002</type>
  <arg>I:\MG\Project\MGCode\Bin\Tool\Robot\MGRobot_d.exe</arg>
  <arg>0x00360000</arg>
  <arg>0x00d32fff</arg>
  <description>Module loaded I:\MG\Project\MGCode\Bin\Tool\Robot\MGRobot_d.exe, address range [0x00360000-0x00d32fff]</description>
  <severity>2</severity>
</msg>
<msg id="6" tool="mc">
  <type>2002</type>
  <arg>C:\Windows\WinSxS\x86_microsoft.vc90.debugmfc_1fc8b3b9a1e18e3b_9.0.30729.1_none_bfff6c932d60651e\mfc90d.dll</arg>
  <arg>0x529e0000</arg>
  <arg>0x52f8efff</arg>
  <description>Module loaded C:\Windows\WinSxS\x86_microsoft.vc90.debugmfc_1fc8b3b9a1e18e3b_9.0.30729.1_none_bfff6c932d60651e\mfc90d.dll, address range [0x529e0000-0x52f8efff]</description>
  <severity>2</severity>
</msg>
<msg id="7" tool="mc">
  <type>2002</type>
  <arg>C:\Windows\WinSxS\x86_microsoft.vc90.debugcrt_1fc8b3b9a1e18e3b_9.0.30729.1_none_bb1f6aa1308c35eb\MSVCP90D.dll</arg>
  <arg>0x65cd0000</arg>
  <arg>0x65da6fff</arg>
  <description>Module loaded C:\Windows\WinSxS\x86_microsoft.vc90.debugcrt_1fc8b3b9a1e18e3b_9.0.30729.1_none_bb1f6aa1308c35eb\MSVCP90D.dll, address range [0x65cd0000-0x65da6fff]</description>
  <severity>2</severity>
</msg>
<msg id="8" tool="mc">
  <type>2002</type>
  <arg>C:\Windows\WinSxS\x86_microsoft.vc90.debugcrt_1fc8b3b9a1e18e3b_9.0.30729.1_none_bb1f6aa1308c35eb\MSVCR90D.dll</arg>
  <arg>0x66060000</arg>
  <arg>0x66182fff</arg>
  <description>Module loaded C:\Windows\WinSxS\x86_microsoft.vc90.debugcrt_1fc8b3b9a1e18e3b_9.0.30729.1_none_bb1f6aa1308c35eb\MSVCR90D.dll, address range [0x66060000-0x66182fff]</description>
  <severity>2</severity>
</msg>
<msg id="9" tool="mc">
  <type>2002</type>
  <arg>C:\Windows\system32\dbghelp.dll</arg>
  <arg>0x70290000</arg>
  <arg>0x7037afff</arg>
  <description>Module loaded C:\Windows\system32\dbghelp.dll, address range [0x70290000-0x7037afff]</description>
  <severity>2</severity>
</msg>
<msg id="10" tool="mc">
  <type>2002</type>
  <arg>C:\Windows\WinSxS\x86_microsoft.vc90.mfcloc_1fc8b3b9a1e18e3b_9.0.30729.5570_none_4977a39175471b31\MFC90CHS.DLL</arg>
  <arg>0x71ee0000</arg>
  <arg>0x71ee8fff</arg>
  <description>Module loaded C:\Windows\WinSxS\x86_microsoft.vc90.mfcloc_1fc8b3b9a1e18e3b_9.0.30729.5570_none_4977a39175471b31\MFC90CHS.DLL, address range [0x71ee0000-0x71ee8fff]</description>
  <severity>2</severity>
</msg>
<msg id="11" tool="mc">
  <type>2002</type>
  <arg>C:\Windows\WinSxS\x86_microsoft.windows.common-controls_6595b64144ccf1df_5.82.7600.16661_none_ebfb56996c72aefc\COMCTL32.dll</arg>
  <arg>0x722e0000</arg>
  <arg>0x72363fff</arg>
  <description>Module loaded C:\Windows\WinSxS\x86_microsoft.windows.common-controls_6595b64144ccf1df_5.82.7600.16661_none_ebfb56996c72aefc\COMCTL32.dll, address range [0x722e0000-0x72363fff]</description>
  <severity>2</severity>
</msg>
<msg id="12" tool="mc">
  <type>2002</type>
  <arg>C:\Windows\system32\MSIMG32.dll</arg>
  <arg>0x72620000</arg>
  <arg>0x72624fff</arg>
  <description>Module loaded C:\Windows\system32\MSIMG32.dll, address range [0x72620000-0x72624fff]</description>
  <severity>2</severity>
</msg>
<msg id="13" tool="mc">
  <type>2002</type>
  <arg>C:\Windows\system32\dwmapi.dll</arg>
  <arg>0x73bc0000</arg>
  <arg>0x73bd2fff</arg>
  <description>Module loaded C:\Windows\system32\dwmapi.dll, address range [0x73bc0000-0x73bd2fff]</description>
  <severity>2</severity>
</msg>
<msg id="14" tool="mc">
  <type>2002</type>
  <arg>C:\Windows\system32\UxTheme.dll</arg>
  <arg>0x73d40000</arg>
  <arg>0x73d7ffff</arg>
  <description>Module loaded C:\Windows\system32\UxTheme.dll, address range [0x73d40000-0x73d7ffff]</description>
  <severity>2</severity>
</msg>
<msg id="15" tool="mc">
  <type>2002</type>
  <arg>C:\Windows\system32\apphelp.dll</arg>
  <arg>0x75330000</arg>
  <arg>0x7537afff</arg>
  <description>Module loaded C:\Windows\system32\apphelp.dll, address range [0x75330000-0x7537afff]</description>
  <severity>2</severity>
</msg>
<msg id="16" tool="mc">
  <type>2002</type>
  <arg>C:\Windows\system32\KERNELBASE.dll</arg>
  <arg>0x754b0000</arg>
  <arg>0x754f9fff</arg>
  <description>Module loaded C:\Windows\system32\KERNELBASE.dll, address range [0x754b0000-0x754f9fff]</description>
  <severity>2</severity>
</msg>
<msg id="17" tool="mc">
  <type>2002</type>
  <arg>C:\Windows\system32\ole32.dll</arg>
  <arg>0x75930000</arg>
  <arg>0x75a8bfff</arg>
  <description>Module loaded C:\Windows\system32\ole32.dll, address range [0x75930000-0x75a8bfff]</description>
  <severity>2</severity>
</msg>
<msg id="18" tool="mc">
  <type>2002</type>
  <arg>C:\Windows\system32\MSCTF.dll</arg>
  <arg>0x75a90000</arg>
  <arg>0x75b5bfff</arg>
  <description>Module loaded C:\Windows\system32\MSCTF.dll, address range [0x75a90000-0x75b5bfff]</description>
  <severity>2</severity>
</msg>
<msg id="19" tool="mc">
  <type>2002</type>
  <arg>C:\Windows\system32\NSI.dll</arg>
  <arg>0x75b60000</arg>
  <arg>0x75b65fff</arg>
  <description>Module loaded C:\Windows\system32\NSI.dll, address range [0x75b60000-0x75b65fff]</description>
  <severity>2</severity>
</msg>
<msg id="20" tool="mc">
  <type>2002</type>
  <arg>C:\Windows\system32\LPK.dll</arg>
  <arg>0x75b70000</arg>
  <arg>0x75b79fff</arg>
  <description>Module loaded C:\Windows\system32\LPK.dll, address range [0x75b70000-0x75b79fff]</description>
  <severity>2</severity>
</msg>
<msg id="21" tool="mc">
  <type>2002</type>
  <arg>C:\Windows\system32\GDI32.dll</arg>
  <arg>0x75d00000</arg>
  <arg>0x75d4dfff</arg>
  <description>Module loaded C:\Windows\system32\GDI32.dll, address range [0x75d00000-0x75d4dfff]</description>
  <severity>2</severity>
</msg>
<msg id="22" tool="mc">
  <type>2002</type>
  <arg>C:\Windows\system32\OLEAUT32.dll</arg>
  <arg>0x75d50000</arg>
  <arg>0x75ddefff</arg>
  <description>Module loaded C:\Windows\system32\OLEAUT32.dll, address range [0x75d50000-0x75ddefff]</description>
  <severity>2</severity>
</msg>
<msg id="23" tool="mc">
  <type>2002</type>
  <arg>C:\Windows\system32\SHELL32.dll</arg>
  <arg>0x75de0000</arg>
  <arg>0x76a28fff</arg>
  <description>Module loaded C:\Windows\system32\SHELL32.dll, address range [0x75de0000-0x76a28fff]</description>
  <severity>2</severity>
</msg>
<msg id="24" tool="mc">
  <type>2002</type>
  <arg>C:\Windows\system32\USP10.dll</arg>
  <arg>0x76a30000</arg>
  <arg>0x76accfff</arg>
  <description>Module loaded C:\Windows\system32\USP10.dll, address range [0x76a30000-0x76accfff]</description>
  <severity>2</severity>
</msg>
<msg id="25" tool="mc">
  <type>2002</type>
  <arg>C:\Windows\system32\IMM32.DLL</arg>
  <arg>0x76ad0000</arg>
  <arg>0x76aeefff</arg>
  <description>Module loaded C:\Windows\system32\IMM32.DLL, address range [0x76ad0000-0x76aeefff]</description>
  <severity>2</severity>
</msg>
<msg id="26" tool="mc">
  <type>2002</type>
  <arg>C:\Windows\SYSTEM32\sechost.dll</arg>
  <arg>0x76af0000</arg>
  <arg>0x76b08fff</arg>
  <description>Module loaded C:\Windows\SYSTEM32\sechost.dll, address range [0x76af0000-0x76b08fff]</description>
  <severity>2</severity>
</msg>
<msg id="27" tool="mc">
  <type>2002</type>
  <arg>C:\Windows\system32\msvcrt.dll</arg>
  <arg>0x76b60000</arg>
  <arg>0x76c0bfff</arg>
  <description>Module loaded C:\Windows\system32\msvcrt.dll, address range [0x76b60000-0x76c0bfff]</description>
  <severity>2</severity>
</msg>
<msg id="28" tool="mc">
  <type>2002</type>
  <arg>C:\Windows\system32\kernel32.dll</arg>
  <arg>0x76c10000</arg>
  <arg>0x76ce3fff</arg>
  <description>Module loaded C:\Windows\system32\kernel32.dll, address range [0x76c10000-0x76ce3fff]</description>
  <severity>2</severity>
</msg>
<msg id="29" tool="mc">
  <type>2002</type>
  <arg>C:\Windows\system32\USER32.dll</arg>
  <arg>0x76eb0000</arg>
  <arg>0x76f78fff</arg>
  <description>Module loaded C:\Windows\system32\USER32.dll, address range [0x76eb0000-0x76f78fff]</description>
  <severity>2</severity>
</msg>
<msg id="30" tool="mc">
  <type>2002</type>
  <arg>C:\Windows\system32\WS2_32.dll</arg>
  <arg>0x770a0000</arg>
  <arg>0x770d4fff</arg>
  <description>Module loaded C:\Windows\system32\WS2_32.dll, address range [0x770a0000-0x770d4fff]</description>
  <severity>2</severity>
</msg>
<msg id="31" tool="mc">
  <type>2002</type>
  <arg>C:\Windows\system32\ADVAPI32.dll</arg>
  <arg>0x770e0000</arg>
  <arg>0x7717ffff</arg>
  <description>Module loaded C:\Windows\system32\ADVAPI32.dll, address range [0x770e0000-0x7717ffff]</description>
  <severity>2</severity>
</msg>
<msg id="32" tool="mc">
  <type>2002</type>
  <arg>C:\Windows\system32\SHLWAPI.dll</arg>
  <arg>0x77210000</arg>
  <arg>0x77266fff</arg>
  <description>Module loaded C:\Windows\system32\SHLWAPI.dll, address range [0x77210000-0x77266fff]</description>
  <severity>2</severity>
</msg>
<msg id="33" tool="mc">
  <type>2002</type>
  <arg>C:\Windows\SYSTEM32\ntdll.dll</arg>
  <arg>0x77270000</arg>
  <arg>0x773abfff</arg>
  <description>Module loaded C:\Windows\SYSTEM32\ntdll.dll, address range [0x77270000-0x773abfff]</description>
  <severity>2</severity>
</msg>
<msg id="34" tool="mc">
  <type>2002</type>
  <arg>C:\Windows\system32\RPCRT4.dll</arg>
  <arg>0x773f0000</arg>
  <arg>0x77490fff</arg>
  <description>Module loaded C:\Windows\system32\RPCRT4.dll, address range [0x773f0000-0x77490fff]</description>
  <severity>2</severity>
</msg>
<msg id="35" tool="mc">
  <type>2002</type>
  <arg>C:\Windows\system32\RICHED32.DLL</arg>
  <arg>0x6ca60000</arg>
  <arg>0x6ca65fff</arg>
  <description>Module loaded C:\Windows\system32\RICHED32.DLL, address range [0x6ca60000-0x6ca65fff]</description>
  <severity>2</severity>
</msg>
<msg id="36" tool="mc">
  <type>2002</type>
  <arg>C:\Windows\system32\RICHED20.dll</arg>
  <arg>0x6c730000</arg>
  <arg>0x6c7a5fff</arg>
  <description>Module loaded C:\Windows\system32\RICHED20.dll, address range [0x6c730000-0x6c7a5fff]</description>
  <severity>2</severity>
</msg>
<msg id="37" tool="mc">
  <type>2002</type>
  <arg>C:\Windows\system32\mswsock.dll</arg>
  <arg>0x74e70000</arg>
  <arg>0x74eabfff</arg>
  <description>Module loaded C:\Windows\system32\mswsock.dll, address range [0x74e70000-0x74eabfff]</description>
  <severity>2</severity>
</msg>
<msg id="38" tool="mc">
  <type>2002</type>
  <arg>C:\Windows\System32\wshtcpip.dll</arg>
  <arg>0x748e0000</arg>
  <arg>0x748e4fff</arg>
  <description>Module loaded C:\Windows\System32\wshtcpip.dll, address range [0x748e0000-0x748e4fff]</description>
  <severity>2</severity>
</msg>
<msg id="39" tool="mc">
  <type>2002</type>
  <arg>C:\Program Files\360\360Safe\safemon\safemon.dll</arg>
  <arg>0x70f10000</arg>
  <arg>0x70feafff</arg>
  <description>Module loaded C:\Program Files\360\360Safe\safemon\safemon.dll, address range [0x70f10000-0x70feafff]</description>
  <severity>2</severity>
</msg>
<msg id="40" tool="mc">
  <type>2002</type>
  <arg>C:\Windows\system32\PSAPI.DLL</arg>
  <arg>0x75920000</arg>
  <arg>0x75924fff</arg>
  <description>Module loaded C:\Windows\system32\PSAPI.DLL, address range [0x75920000-0x75924fff]</description>
  <severity>2</severity>
</msg>
<msg id="41" tool="mc">
  <type>2002</type>
  <arg>C:\Windows\system32\VERSION.dll</arg>
  <arg>0x749f0000</arg>
  <arg>0x749f8fff</arg>
  <description>Module loaded C:\Windows\system32\VERSION.dll, address range [0x749f0000-0x749f8fff]</description>
  <severity>2</severity>
</msg>
<msg id="42" tool="mc">
  <type>2002</type>
  <arg>C:\Windows\system32\WININET.dll</arg>
  <arg>0x76f80000</arg>
  <arg>0x7709afff</arg>
  <description>Module loaded C:\Windows\system32\WININET.dll, address range [0x76f80000-0x7709afff]</description>
  <severity>2</severity>
</msg>
<msg id="43" tool="mc">
  <type>2002</type>
  <arg>C:\Windows\system32\Normaliz.dll</arg>
  <arg>0x773e0000</arg>
  <arg>0x773e2fff</arg>
  <description>Module loaded C:\Windows\system32\Normaliz.dll, address range [0x773e0000-0x773e2fff]</description>
  <severity>2</severity>
</msg>
<msg id="44" tool="mc">
  <type>2002</type>
  <arg>C:\Windows\system32\iertutil.dll</arg>
  <arg>0x76cf0000</arg>
  <arg>0x76ea7fff</arg>
  <description>Module loaded C:\Windows\system32\iertutil.dll, address range [0x76cf0000-0x76ea7fff]</description>
  <severity>2</severity>
</msg>
<msg id="45" tool="mc">
  <type>2002</type>
  <arg>C:\Windows\system32\urlmon.dll</arg>
  <arg>0x75b80000</arg>
  <arg>0x75c90fff</arg>
  <description>Module loaded C:\Windows\system32\urlmon.dll, address range [0x75b80000-0x75c90fff]</description>
  <severity>2</severity>
</msg>
<msg id="46" tool="mc">
  <type>2002</type>
  <arg>C:\Windows\WinSxS\x86_microsoft.windows.common-controls_6595b64144ccf1df_6.0.7600.20787_none_2b43b51e45274037\comctl32.DLL</arg>
  <arg>0x73fa0000</arg>
  <arg>0x7413dfff</arg>
  <description>Module loaded C:\Windows\WinSxS\x86_microsoft.windows.common-controls_6595b64144ccf1df_6.0.7600.20787_none_2b43b51e45274037\comctl32.DLL, address range [0x73fa0000-0x7413dfff]</description>
  <severity>2</severity>
</msg>
<msg id="47" tool="mc">
  <type>2002</type>
  <arg>C:\Windows\system32\CRYPTBASE.dll</arg>
  <arg>0x75380000</arg>
  <arg>0x7538bfff</arg>
  <description>Module loaded C:\Windows\system32\CRYPTBASE.dll, address range [0x75380000-0x7538bfff]</description>
  <severity>2</severity>
</msg>
<msg id="48" tool="mc">
  <type>2003</type>
  <arg>I:\MG\Project\MGCode\Bin\Tool\Robot\MGRobot_d.exe</arg>
  <description>Module unloaded I:\MG\Project\MGCode\Bin\Tool\Robot\MGRobot_d.exe</description>
  <severity>2</severity>
</msg>
<msg id="49" tool="mc">
  <type>2003</type>
  <arg>C:\Windows\WinSxS\x86_microsoft.vc90.debugmfc_1fc8b3b9a1e18e3b_9.0.30729.1_none_bfff6c932d60651e\mfc90d.dll</arg>
  <description>Module unloaded C:\Windows\WinSxS\x86_microsoft.vc90.debugmfc_1fc8b3b9a1e18e3b_9.0.30729.1_none_bfff6c932d60651e\mfc90d.dll</description>
  <severity>2</severity>
</msg>
<msg id="50" tool="mc">
  <type>2003</type>
  <arg>C:\Windows\WinSxS\x86_microsoft.vc90.debugcrt_1fc8b3b9a1e18e3b_9.0.30729.1_none_bb1f6aa1308c35eb\MSVCP90D.dll</arg>
  <description>Module unloaded C:\Windows\WinSxS\x86_microsoft.vc90.debugcrt_1fc8b3b9a1e18e3b_9.0.30729.1_none_bb1f6aa1308c35eb\MSVCP90D.dll</description>
  <severity>2</severity>
</msg>
<msg id="51" tool="mc">
  <type>2003</type>
  <arg>C:\Windows\WinSxS\x86_microsoft.vc90.debugcrt_1fc8b3b9a1e18e3b_9.0.30729.1_none_bb1f6aa1308c35eb\MSVCR90D.dll</arg>
  <description>Module unloaded C:\Windows\WinSxS\x86_microsoft.vc90.debugcrt_1fc8b3b9a1e18e3b_9.0.30729.1_none_bb1f6aa1308c35eb\MSVCR90D.dll</description>
  <severity>2</severity>
</msg>
<msg id="52" tool="mc">
  <type>2003</type>
  <arg>C:\Windows\system32\dbghelp.dll</arg>
  <description>Module unloaded C:\Windows\system32\dbghelp.dll</description>
  <severity>2</severity>
</msg>
<msg id="53" tool="mc">
  <type>2003</type>
  <arg>C:\Windows\WinSxS\x86_microsoft.vc90.mfcloc_1fc8b3b9a1e18e3b_9.0.30729.5570_none_4977a39175471b31\MFC90CHS.DLL</arg>
  <description>Module unloaded C:\Windows\WinSxS\x86_microsoft.vc90.mfcloc_1fc8b3b9a1e18e3b_9.0.30729.5570_none_4977a39175471b31\MFC90CHS.DLL</description>
  <severity>2</severity>
</msg>
<msg id="54" tool="mc">
  <type>2003</type>
  <arg>C:\Windows\WinSxS\x86_microsoft.windows.common-controls_6595b64144ccf1df_5.82.7600.16661_none_ebfb56996c72aefc\COMCTL32.dll</arg>
  <description>Module unloaded C:\Windows\WinSxS\x86_microsoft.windows.common-controls_6595b64144ccf1df_5.82.7600.16661_none_ebfb56996c72aefc\COMCTL32.dll</description>
  <severity>2</severity>
</msg>
<msg id="55" tool="mc">
  <type>2003</type>
  <arg>C:\Windows\system32\MSIMG32.dll</arg>
  <description>Module unloaded C:\Windows\system32\MSIMG32.dll</description>
  <severity>2</severity>
</msg>
<msg id="56" tool="mc">
  <type>2003</type>
  <arg>C:\Windows\system32\dwmapi.dll</arg>
  <description>Module unloaded C:\Windows\system32\dwmapi.dll</description>
  <severity>2</severity>
</msg>
<msg id="57" tool="mc">
  <type>2003</type>
  <arg>C:\Windows\system32\UxTheme.dll</arg>
  <description>Module unloaded C:\Windows\system32\UxTheme.dll</description>
  <severity>2</severity>
</msg>
<msg id="58" tool="mc">
  <type>2003</type>
  <arg>C:\Windows\system32\apphelp.dll</arg>
  <description>Module unloaded C:\Windows\system32\apphelp.dll</description>
  <severity>2</severity>
</msg>
<msg id="59" tool="mc">
  <type>2003</type>
  <arg>C:\Windows\system32\KERNELBASE.dll</arg>
  <description>Module unloaded C:\Windows\system32\KERNELBASE.dll</description>
  <severity>2</severity>
</msg>
<msg id="60" tool="mc">
  <type>2003</type>
  <arg>C:\Windows\system32\ole32.dll</arg>
  <description>Module unloaded C:\Windows\system32\ole32.dll</description>
  <severity>2</severity>
</msg>
<msg id="61" tool="mc">
  <type>2003</type>
  <arg>C:\Windows\system32\MSCTF.dll</arg>
  <description>Module unloaded C:\Windows\system32\MSCTF.dll</description>
  <severity>2</severity>
</msg>
<msg id="62" tool="mc">
  <type>2003</type>
  <arg>C:\Windows\system32\NSI.dll</arg>
  <description>Module unloaded C:\Windows\system32\NSI.dll</description>
  <severity>2</severity>
</msg>
<msg id="63" tool="mc">
  <type>2003</type>
  <arg>C:\Windows\system32\LPK.dll</arg>
  <description>Module unloaded C:\Windows\system32\LPK.dll</description>
  <severity>2</severity>
</msg>
<msg id="64" tool="mc">
  <type>2003</type>
  <arg>C:\Windows\system32\GDI32.dll</arg>
  <description>Module unloaded C:\Windows\system32\GDI32.dll</description>
  <severity>2</severity>
</msg>
<msg id="65" tool="mc">
  <type>2003</type>
  <arg>C:\Windows\system32\OLEAUT32.dll</arg>
  <description>Module unloaded C:\Windows\system32\OLEAUT32.dll</description>
  <severity>2</severity>
</msg>
<msg id="66" tool="mc">
  <type>2003</type>
  <arg>C:\Windows\system32\SHELL32.dll</arg>
  <description>Module unloaded C:\Windows\system32\SHELL32.dll</description>
  <severity>2</severity>
</msg>
<msg id="67" tool="mc">
  <type>2003</type>
  <arg>C:\Windows\system32\USP10.dll</arg>
  <description>Module unloaded C:\Windows\system32\USP10.dll</description>
  <severity>2</severity>
</msg>
<msg id="68" tool="mc">
  <type>2003</type>
  <arg>C:\Windows\system32\IMM32.DLL</arg>
  <description>Module unloaded C:\Windows\system32\IMM32.DLL</description>
  <severity>2</severity>
</msg>
<msg id="69" tool="mc">
  <type>2003</type>
  <arg>C:\Windows\SYSTEM32\sechost.dll</arg>
  <description>Module unloaded C:\Windows\SYSTEM32\sechost.dll</description>
  <severity>2</severity>
</msg>
<msg id="70" tool="mc">
  <type>2003</type>
  <arg>C:\Windows\system32\msvcrt.dll</arg>
  <description>Module unloaded C:\Windows\system32\msvcrt.dll</description>
  <severity>2</severity>
</msg>
<msg id="71" tool="mc">
  <type>2003</type>
  <arg>C:\Windows\system32\kernel32.dll</arg>
  <description>Module unloaded C:\Windows\system32\kernel32.dll</description>
  <severity>2</severity>
</msg>
<msg id="72" tool="mc">
  <type>2003</type>
  <arg>C:\Windows\system32\USER32.dll</arg>
  <description>Module unloaded C:\Windows\system32\USER32.dll</description>
  <severity>2</severity>
</msg>
<msg id="73" tool="mc">
  <type>2003</type>
  <arg>C:\Windows\system32\WS2_32.dll</arg>
  <description>Module unloaded C:\Windows\system32\WS2_32.dll</description>
  <severity>2</severity>
</msg>
<msg id="74" tool="mc">
  <type>2003</type>
  <arg>C:\Windows\system32\ADVAPI32.dll</arg>
  <description>Module unloaded C:\Windows\system32\ADVAPI32.dll</description>
  <severity>2</severity>
</msg>
<msg id="75" tool="mc">
  <type>2003</type>
  <arg>C:\Windows\system32\SHLWAPI.dll</arg>
  <description>Module unloaded C:\Windows\system32\SHLWAPI.dll</description>
  <severity>2</severity>
</msg>
<msg id="76" tool="mc">
  <type>2003</type>
  <arg>C:\Windows\SYSTEM32\ntdll.dll</arg>
  <description>Module unloaded C:\Windows\SYSTEM32\ntdll.dll</description>
  <severity>2</severity>
</msg>
<msg id="77" tool="mc">
  <type>2003</type>
  <arg>C:\Windows\system32\RPCRT4.dll</arg>
  <description>Module unloaded C:\Windows\system32\RPCRT4.dll</description>
  <severity>2</severity>
</msg>
<msg id="78" tool="mc">
  <type>2003</type>
  <arg>C:\Windows\system32\RICHED32.DLL</arg>
  <description>Module unloaded C:\Windows\system32\RICHED32.DLL</description>
  <severity>2</severity>
</msg>
<msg id="79" tool="mc">
  <type>2003</type>
  <arg>C:\Windows\system32\RICHED20.dll</arg>
  <description>Module unloaded C:\Windows\system32\RICHED20.dll</description>
  <severity>2</severity>
</msg>
<msg id="80" tool="mc">
  <type>2003</type>
  <arg>C:\Windows\system32\mswsock.dll</arg>
  <description>Module unloaded C:\Windows\system32\mswsock.dll</description>
  <severity>2</severity>
</msg>
<msg id="81" tool="mc">
  <type>2003</type>
  <arg>C:\Windows\System32\wshtcpip.dll</arg>
  <description>Module unloaded C:\Windows\System32\wshtcpip.dll</description>
  <severity>2</severity>
</msg>
<msg id="82" tool="mc">
  <type>2003</type>
  <arg>C:\Program Files\360\360Safe\safemon\safemon.dll</arg>
  <description>Module unloaded C:\Program Files\360\360Safe\safemon\safemon.dll</description>
  <severity>2</severity>
</msg>
<msg id="83" tool="mc">
  <type>2003</type>
  <arg>C:\Windows\system32\PSAPI.DLL</arg>
  <description>Module unloaded C:\Windows\system32\PSAPI.DLL</description>
  <severity>2</severity>
</msg>
<msg id="84" tool="mc">
  <type>2003</type>
  <arg>C:\Windows\system32\VERSION.dll</arg>
  <description>Module unloaded C:\Windows\system32\VERSION.dll</description>
  <severity>2</severity>
</msg>
<msg id="85" tool="mc">
  <type>2003</type>
  <arg>C:\Windows\system32\WININET.dll</arg>
  <description>Module unloaded C:\Windows\system32\WININET.dll</description>
  <severity>2</severity>
</msg>
<msg id="86" tool="mc">
  <type>2003</type>
  <arg>C:\Windows\system32\Normaliz.dll</arg>
  <description>Module unloaded C:\Windows\system32\Normaliz.dll</description>
  <severity>2</severity>
</msg>
<msg id="87" tool="mc">
  <type>2003</type>
  <arg>C:\Windows\system32\iertutil.dll</arg>
  <description>Module unloaded C:\Windows\system32\iertutil.dll</description>
  <severity>2</severity>
</msg>
<msg id="88" tool="mc">
  <type>2003</type>
  <arg>C:\Windows\system32\urlmon.dll</arg>
  <description>Module unloaded C:\Windows\system32\urlmon.dll</description>
  <severity>2</severity>
</msg>
<msg id="89" tool="mc">
  <type>2003</type>
  <arg>C:\Windows\WinSxS\x86_microsoft.windows.common-controls_6595b64144ccf1df_6.0.7600.20787_none_2b43b51e45274037\comctl32.DLL</arg>
  <description>Module unloaded C:\Windows\WinSxS\x86_microsoft.windows.common-controls_6595b64144ccf1df_6.0.7600.20787_none_2b43b51e45274037\comctl32.DLL</description>
  <severity>2</severity>
</msg>
<msg id="90" tool="mc">
  <type>2003</type>
  <arg>C:\Windows\system32\CRYPTBASE.dll</arg>
  <description>Module unloaded C:\Windows\system32\CRYPTBASE.dll</description>
  <severity>2</severity>
</msg>
<msg id="91" tool="mc">
  <type>2008</type>
  <arg>I:\MG\Project\MGCode\Bin\Tool\Robot\MGRobot_d.exe</arg>
  <arg>0</arg>
  <description>Process I:\MG\Project\MGCode\Bin\Tool\Robot\MGRobot_d.exe exited with code 0. Leak analysis starting - this may take a while.</description>
  <severity>2</severity>
</msg>
<msg id="92" tool="mc">
  <type>2009</type>
  <arg>I:\MG\Project\MGCode\Bin\Tool\Robot\MGRobot_d.exe</arg>
  <description>Analysis completed for I:\MG\Project\MGCode\Bin\Tool\Robot\MGRobot_d.exe</description>
  <severity>2</severity>
</msg>
<msg id="93" tool="runtool">
  <type>app-exit-code</type>
  <arg>3</arg>
</msg>
<msg id="94" tool="runtool">
  <type>marker-file</type>
  <arg>I:\MG\Project\MGCode\Projects\Tool\Robot\My Inspector Results\r000mi4\r000mi4.insp</arg>
</msg>
<msg id="95" tool="runtool">
  <type>mc-done</type>
</msg>
<msg id="96" tool="runtool">
  <type>log-end</type>
  <arg>2012/10/29 21:25:56</arg>
</msg>

</log>

