<?xml version="1.0" encoding="utf-8" ?>
<!-- DO NOT EDIT THIS FILE -->
<log version='1.0' component='mc'>
  <msg id="1" display='true'>
    <type>2001</type>
    <description>Analysis started for I:\MG\Project\MGCode\Bin\Tool\Robot\MGRobot_d.exe, pid = 6112, status file = I:\MG\Project\MGCode\Projects\Tool\Robot\My Inspector Results\r000mi4\data.0\mc_MGRobot_d_6112.pdr</description>
    <severity>2</severity>
    <arg>I:\MG\Project\MGCode\Bin\Tool\Robot\MGRobot_d.exe</arg>
    <arg>6112</arg>
    <arg>I:\MG\Project\MGCode\Projects\Tool\Robot\My Inspector Results\r000mi4\data.0\mc_MGRobot_d_6112.pdr</arg>
  </msg>
  <msg id="2" display='true'>
    <type>2002</type>
    <description>Module loaded I:\MG\Project\MGCode\Bin\Tool\Robot\MGRobot_d.exe, address range [0x00360000-0x00d32fff]</description>
    <severity>2</severity>
    <arg>I:\MG\Project\MGCode\Bin\Tool\Robot\MGRobot_d.exe</arg>
    <arg>0x00360000</arg>
    <arg>0x00d32fff</arg>
  </msg>
  <msg id="3" display='true'>
    <type>2002</type>
    <description>Module loaded C:\Windows\WinSxS\x86_microsoft.vc90.debugmfc_1fc8b3b9a1e18e3b_9.0.30729.1_none_bfff6c932d60651e\mfc90d.dll, address range [0x529e0000-0x52f8efff]</description>
    <severity>2</severity>
    <arg>C:\Windows\WinSxS\x86_microsoft.vc90.debugmfc_1fc8b3b9a1e18e3b_9.0.30729.1_none_bfff6c932d60651e\mfc90d.dll</arg>
    <arg>0x529e0000</arg>
    <arg>0x52f8efff</arg>
  </msg>
  <msg id="4" display='true'>
    <type>2002</type>
    <description>Module loaded C:\Windows\WinSxS\x86_microsoft.vc90.debugcrt_1fc8b3b9a1e18e3b_9.0.30729.1_none_bb1f6aa1308c35eb\MSVCP90D.dll, address range [0x65cd0000-0x65da6fff]</description>
    <severity>2</severity>
    <arg>C:\Windows\WinSxS\x86_microsoft.vc90.debugcrt_1fc8b3b9a1e18e3b_9.0.30729.1_none_bb1f6aa1308c35eb\MSVCP90D.dll</arg>
    <arg>0x65cd0000</arg>
    <arg>0x65da6fff</arg>
  </msg>
  <msg id="5" display='true'>
    <type>2002</type>
    <description>Module loaded C:\Windows\WinSxS\x86_microsoft.vc90.debugcrt_1fc8b3b9a1e18e3b_9.0.30729.1_none_bb1f6aa1308c35eb\MSVCR90D.dll, address range [0x66060000-0x66182fff]</description>
    <severity>2</severity>
    <arg>C:\Windows\WinSxS\x86_microsoft.vc90.debugcrt_1fc8b3b9a1e18e3b_9.0.30729.1_none_bb1f6aa1308c35eb\MSVCR90D.dll</arg>
    <arg>0x66060000</arg>
    <arg>0x66182fff</arg>
  </msg>
  <msg id="6" display='true'>
    <type>2002</type>
    <description>Module loaded C:\Windows\system32\dbghelp.dll, address range [0x70290000-0x7037afff]</description>
    <severity>2</severity>
    <arg>C:\Windows\system32\dbghelp.dll</arg>
    <arg>0x70290000</arg>
    <arg>0x7037afff</arg>
  </msg>
  <msg id="7" display='true'>
    <type>2002</type>
    <description>Module loaded C:\Windows\WinSxS\x86_microsoft.vc90.mfcloc_1fc8b3b9a1e18e3b_9.0.30729.5570_none_4977a39175471b31\MFC90CHS.DLL, address range [0x71ee0000-0x71ee8fff]</description>
    <severity>2</severity>
    <arg>C:\Windows\WinSxS\x86_microsoft.vc90.mfcloc_1fc8b3b9a1e18e3b_9.0.30729.5570_none_4977a39175471b31\MFC90CHS.DLL</arg>
    <arg>0x71ee0000</arg>
    <arg>0x71ee8fff</arg>
  </msg>
  <msg id="8" display='true'>
    <type>2002</type>
    <description>Module loaded C:\Windows\WinSxS\x86_microsoft.windows.common-controls_6595b64144ccf1df_5.82.7600.16661_none_ebfb56996c72aefc\COMCTL32.dll, address range [0x722e0000-0x72363fff]</description>
    <severity>2</severity>
    <arg>C:\Windows\WinSxS\x86_microsoft.windows.common-controls_6595b64144ccf1df_5.82.7600.16661_none_ebfb56996c72aefc\COMCTL32.dll</arg>
    <arg>0x722e0000</arg>
    <arg>0x72363fff</arg>
  </msg>
  <msg id="9" display='true'>
    <type>2002</type>
    <description>Module loaded C:\Windows\system32\MSIMG32.dll, address range [0x72620000-0x72624fff]</description>
    <severity>2</severity>
    <arg>C:\Windows\system32\MSIMG32.dll</arg>
    <arg>0x72620000</arg>
    <arg>0x72624fff</arg>
  </msg>
  <msg id="10" display='true'>
    <type>2002</type>
    <description>Module loaded C:\Windows\system32\dwmapi.dll, address range [0x73bc0000-0x73bd2fff]</description>
    <severity>2</severity>
    <arg>C:\Windows\system32\dwmapi.dll</arg>
    <arg>0x73bc0000</arg>
    <arg>0x73bd2fff</arg>
  </msg>
  <msg id="11" display='true'>
    <type>2002</type>
    <description>Module loaded C:\Windows\system32\UxTheme.dll, address range [0x73d40000-0x73d7ffff]</description>
    <severity>2</severity>
    <arg>C:\Windows\system32\UxTheme.dll</arg>
    <arg>0x73d40000</arg>
    <arg>0x73d7ffff</arg>
  </msg>
  <msg id="12" display='true'>
    <type>2002</type>
    <description>Module loaded C:\Windows\system32\apphelp.dll, address range [0x75330000-0x7537afff]</description>
    <severity>2</severity>
    <arg>C:\Windows\system32\apphelp.dll</arg>
    <arg>0x75330000</arg>
    <arg>0x7537afff</arg>
  </msg>
  <msg id="13" display='true'>
    <type>2002</type>
    <description>Module loaded C:\Windows\system32\KERNELBASE.dll, address range [0x754b0000-0x754f9fff]</description>
    <severity>2</severity>
    <arg>C:\Windows\system32\KERNELBASE.dll</arg>
    <arg>0x754b0000</arg>
    <arg>0x754f9fff</arg>
  </msg>
  <msg id="14" display='true'>
    <type>2002</type>
    <description>Module loaded C:\Windows\system32\ole32.dll, address range [0x75930000-0x75a8bfff]</description>
    <severity>2</severity>
    <arg>C:\Windows\system32\ole32.dll</arg>
    <arg>0x75930000</arg>
    <arg>0x75a8bfff</arg>
  </msg>
  <msg id="15" display='true'>
    <type>2002</type>
    <description>Module loaded C:\Windows\system32\MSCTF.dll, address range [0x75a90000-0x75b5bfff]</description>
    <severity>2</severity>
    <arg>C:\Windows\system32\MSCTF.dll</arg>
    <arg>0x75a90000</arg>
    <arg>0x75b5bfff</arg>
  </msg>
  <msg id="16" display='true'>
    <type>2002</type>
    <description>Module loaded C:\Windows\system32\NSI.dll, address range [0x75b60000-0x75b65fff]</description>
    <severity>2</severity>
    <arg>C:\Windows\system32\NSI.dll</arg>
    <arg>0x75b60000</arg>
    <arg>0x75b65fff</arg>
  </msg>
  <msg id="17" display='true'>
    <type>2002</type>
    <description>Module loaded C:\Windows\system32\LPK.dll, address range [0x75b70000-0x75b79fff]</description>
    <severity>2</severity>
    <arg>C:\Windows\system32\LPK.dll</arg>
    <arg>0x75b70000</arg>
    <arg>0x75b79fff</arg>
  </msg>
  <msg id="18" display='true'>
    <type>2002</type>
    <description>Module loaded C:\Windows\system32\GDI32.dll, address range [0x75d00000-0x75d4dfff]</description>
    <severity>2</severity>
    <arg>C:\Windows\system32\GDI32.dll</arg>
    <arg>0x75d00000</arg>
    <arg>0x75d4dfff</arg>
  </msg>
  <msg id="19" display='true'>
    <type>2002</type>
    <description>Module loaded C:\Windows\system32\OLEAUT32.dll, address range [0x75d50000-0x75ddefff]</description>
    <severity>2</severity>
    <arg>C:\Windows\system32\OLEAUT32.dll</arg>
    <arg>0x75d50000</arg>
    <arg>0x75ddefff</arg>
  </msg>
  <msg id="20" display='true'>
    <type>2002</type>
    <description>Module loaded C:\Windows\system32\SHELL32.dll, address range [0x75de0000-0x76a28fff]</description>
    <severity>2</severity>
    <arg>C:\Windows\system32\SHELL32.dll</arg>
    <arg>0x75de0000</arg>
    <arg>0x76a28fff</arg>
  </msg>
  <msg id="21" display='true'>
    <type>2002</type>
    <description>Module loaded C:\Windows\system32\USP10.dll, address range [0x76a30000-0x76accfff]</description>
    <severity>2</severity>
    <arg>C:\Windows\system32\USP10.dll</arg>
    <arg>0x76a30000</arg>
    <arg>0x76accfff</arg>
  </msg>
  <msg id="22" display='true'>
    <type>2002</type>
    <description>Module loaded C:\Windows\system32\IMM32.DLL, address range [0x76ad0000-0x76aeefff]</description>
    <severity>2</severity>
    <arg>C:\Windows\system32\IMM32.DLL</arg>
    <arg>0x76ad0000</arg>
    <arg>0x76aeefff</arg>
  </msg>
  <msg id="23" display='true'>
    <type>2002</type>
    <description>Module loaded C:\Windows\SYSTEM32\sechost.dll, address range [0x76af0000-0x76b08fff]</description>
    <severity>2</severity>
    <arg>C:\Windows\SYSTEM32\sechost.dll</arg>
    <arg>0x76af0000</arg>
    <arg>0x76b08fff</arg>
  </msg>
  <msg id="24" display='true'>
    <type>2002</type>
    <description>Module loaded C:\Windows\system32\msvcrt.dll, address range [0x76b60000-0x76c0bfff]</description>
    <severity>2</severity>
    <arg>C:\Windows\system32\msvcrt.dll</arg>
    <arg>0x76b60000</arg>
    <arg>0x76c0bfff</arg>
  </msg>
  <msg id="25" display='true'>
    <type>2002</type>
    <description>Module loaded C:\Windows\system32\kernel32.dll, address range [0x76c10000-0x76ce3fff]</description>
    <severity>2</severity>
    <arg>C:\Windows\system32\kernel32.dll</arg>
    <arg>0x76c10000</arg>
    <arg>0x76ce3fff</arg>
  </msg>
  <msg id="26" display='true'>
    <type>2002</type>
    <description>Module loaded C:\Windows\system32\USER32.dll, address range [0x76eb0000-0x76f78fff]</description>
    <severity>2</severity>
    <arg>C:\Windows\system32\USER32.dll</arg>
    <arg>0x76eb0000</arg>
    <arg>0x76f78fff</arg>
  </msg>
  <msg id="27" display='true'>
    <type>2002</type>
    <description>Module loaded C:\Windows\system32\WS2_32.dll, address range [0x770a0000-0x770d4fff]</description>
    <severity>2</severity>
    <arg>C:\Windows\system32\WS2_32.dll</arg>
    <arg>0x770a0000</arg>
    <arg>0x770d4fff</arg>
  </msg>
  <msg id="28" display='true'>
    <type>2002</type>
    <description>Module loaded C:\Windows\system32\ADVAPI32.dll, address range [0x770e0000-0x7717ffff]</description>
    <severity>2</severity>
    <arg>C:\Windows\system32\ADVAPI32.dll</arg>
    <arg>0x770e0000</arg>
    <arg>0x7717ffff</arg>
  </msg>
  <msg id="29" display='true'>
    <type>2002</type>
    <description>Module loaded C:\Windows\system32\SHLWAPI.dll, address range [0x77210000-0x77266fff]</description>
    <severity>2</severity>
    <arg>C:\Windows\system32\SHLWAPI.dll</arg>
    <arg>0x77210000</arg>
    <arg>0x77266fff</arg>
  </msg>
  <msg id="30" display='true'>
    <type>2002</type>
    <description>Module loaded C:\Windows\SYSTEM32\ntdll.dll, address range [0x77270000-0x773abfff]</description>
    <severity>2</severity>
    <arg>C:\Windows\SYSTEM32\ntdll.dll</arg>
    <arg>0x77270000</arg>
    <arg>0x773abfff</arg>
  </msg>
  <msg id="31" display='true'>
    <type>2002</type>
    <description>Module loaded C:\Windows\system32\RPCRT4.dll, address range [0x773f0000-0x77490fff]</description>
    <severity>2</severity>
    <arg>C:\Windows\system32\RPCRT4.dll</arg>
    <arg>0x773f0000</arg>
    <arg>0x77490fff</arg>
  </msg>
  <msg id="32" display='true'>
    <type>2002</type>
    <description>Module loaded C:\Windows\system32\RICHED32.DLL, address range [0x6ca60000-0x6ca65fff]</description>
    <severity>2</severity>
    <arg>C:\Windows\system32\RICHED32.DLL</arg>
    <arg>0x6ca60000</arg>
    <arg>0x6ca65fff</arg>
  </msg>
  <msg id="33" display='true'>
    <type>2002</type>
    <description>Module loaded C:\Windows\system32\RICHED20.dll, address range [0x6c730000-0x6c7a5fff]</description>
    <severity>2</severity>
    <arg>C:\Windows\system32\RICHED20.dll</arg>
    <arg>0x6c730000</arg>
    <arg>0x6c7a5fff</arg>
  </msg>
  <msg id="34" display='true'>
    <type>2002</type>
    <description>Module loaded C:\Windows\system32\mswsock.dll, address range [0x74e70000-0x74eabfff]</description>
    <severity>2</severity>
    <arg>C:\Windows\system32\mswsock.dll</arg>
    <arg>0x74e70000</arg>
    <arg>0x74eabfff</arg>
  </msg>
  <msg id="35" display='true'>
    <type>2002</type>
    <description>Module loaded C:\Windows\System32\wshtcpip.dll, address range [0x748e0000-0x748e4fff]</description>
    <severity>2</severity>
    <arg>C:\Windows\System32\wshtcpip.dll</arg>
    <arg>0x748e0000</arg>
    <arg>0x748e4fff</arg>
  </msg>
  <msg id="36" display='true'>
    <type>2002</type>
    <description>Module loaded C:\Program Files\360\360Safe\safemon\safemon.dll, address range [0x70f10000-0x70feafff]</description>
    <severity>2</severity>
    <arg>C:\Program Files\360\360Safe\safemon\safemon.dll</arg>
    <arg>0x70f10000</arg>
    <arg>0x70feafff</arg>
  </msg>
  <msg id="37" display='true'>
    <type>2002</type>
    <description>Module loaded C:\Windows\system32\PSAPI.DLL, address range [0x75920000-0x75924fff]</description>
    <severity>2</severity>
    <arg>C:\Windows\system32\PSAPI.DLL</arg>
    <arg>0x75920000</arg>
    <arg>0x75924fff</arg>
  </msg>
  <msg id="38" display='true'>
    <type>2002</type>
    <description>Module loaded C:\Windows\system32\VERSION.dll, address range [0x749f0000-0x749f8fff]</description>
    <severity>2</severity>
    <arg>C:\Windows\system32\VERSION.dll</arg>
    <arg>0x749f0000</arg>
    <arg>0x749f8fff</arg>
  </msg>
  <msg id="39" display='true'>
    <type>2002</type>
    <description>Module loaded C:\Windows\system32\WININET.dll, address range [0x76f80000-0x7709afff]</description>
    <severity>2</severity>
    <arg>C:\Windows\system32\WININET.dll</arg>
    <arg>0x76f80000</arg>
    <arg>0x7709afff</arg>
  </msg>
  <msg id="40" display='true'>
    <type>2002</type>
    <description>Module loaded C:\Windows\system32\Normaliz.dll, address range [0x773e0000-0x773e2fff]</description>
    <severity>2</severity>
    <arg>C:\Windows\system32\Normaliz.dll</arg>
    <arg>0x773e0000</arg>
    <arg>0x773e2fff</arg>
  </msg>
  <msg id="41" display='true'>
    <type>2002</type>
    <description>Module loaded C:\Windows\system32\iertutil.dll, address range [0x76cf0000-0x76ea7fff]</description>
    <severity>2</severity>
    <arg>C:\Windows\system32\iertutil.dll</arg>
    <arg>0x76cf0000</arg>
    <arg>0x76ea7fff</arg>
  </msg>
  <msg id="42" display='true'>
    <type>2002</type>
    <description>Module loaded C:\Windows\system32\urlmon.dll, address range [0x75b80000-0x75c90fff]</description>
    <severity>2</severity>
    <arg>C:\Windows\system32\urlmon.dll</arg>
    <arg>0x75b80000</arg>
    <arg>0x75c90fff</arg>
  </msg>
  <msg id="43" display='true'>
    <type>2002</type>
    <description>Module loaded C:\Windows\WinSxS\x86_microsoft.windows.common-controls_6595b64144ccf1df_6.0.7600.20787_none_2b43b51e45274037\comctl32.DLL, address range [0x73fa0000-0x7413dfff]</description>
    <severity>2</severity>
    <arg>C:\Windows\WinSxS\x86_microsoft.windows.common-controls_6595b64144ccf1df_6.0.7600.20787_none_2b43b51e45274037\comctl32.DLL</arg>
    <arg>0x73fa0000</arg>
    <arg>0x7413dfff</arg>
  </msg>
  <msg id="44" display='true'>
    <type>2002</type>
    <description>Module loaded C:\Windows\system32\CRYPTBASE.dll, address range [0x75380000-0x7538bfff]</description>
    <severity>2</severity>
    <arg>C:\Windows\system32\CRYPTBASE.dll</arg>
    <arg>0x75380000</arg>
    <arg>0x7538bfff</arg>
  </msg>
  <msg id="45" display='true'>
    <type>2003</type>
    <description>Module unloaded I:\MG\Project\MGCode\Bin\Tool\Robot\MGRobot_d.exe</description>
    <severity>2</severity>
    <arg>I:\MG\Project\MGCode\Bin\Tool\Robot\MGRobot_d.exe</arg>
  </msg>
  <msg id="46" display='true'>
    <type>2003</type>
    <description>Module unloaded C:\Windows\WinSxS\x86_microsoft.vc90.debugmfc_1fc8b3b9a1e18e3b_9.0.30729.1_none_bfff6c932d60651e\mfc90d.dll</description>
    <severity>2</severity>
    <arg>C:\Windows\WinSxS\x86_microsoft.vc90.debugmfc_1fc8b3b9a1e18e3b_9.0.30729.1_none_bfff6c932d60651e\mfc90d.dll</arg>
  </msg>
  <msg id="47" display='true'>
    <type>2003</type>
    <description>Module unloaded C:\Windows\WinSxS\x86_microsoft.vc90.debugcrt_1fc8b3b9a1e18e3b_9.0.30729.1_none_bb1f6aa1308c35eb\MSVCP90D.dll</description>
    <severity>2</severity>
    <arg>C:\Windows\WinSxS\x86_microsoft.vc90.debugcrt_1fc8b3b9a1e18e3b_9.0.30729.1_none_bb1f6aa1308c35eb\MSVCP90D.dll</arg>
  </msg>
  <msg id="48" display='true'>
    <type>2003</type>
    <description>Module unloaded C:\Windows\WinSxS\x86_microsoft.vc90.debugcrt_1fc8b3b9a1e18e3b_9.0.30729.1_none_bb1f6aa1308c35eb\MSVCR90D.dll</description>
    <severity>2</severity>
    <arg>C:\Windows\WinSxS\x86_microsoft.vc90.debugcrt_1fc8b3b9a1e18e3b_9.0.30729.1_none_bb1f6aa1308c35eb\MSVCR90D.dll</arg>
  </msg>
  <msg id="49" display='true'>
    <type>2003</type>
    <description>Module unloaded C:\Windows\system32\dbghelp.dll</description>
    <severity>2</severity>
    <arg>C:\Windows\system32\dbghelp.dll</arg>
  </msg>
  <msg id="50" display='true'>
    <type>2003</type>
    <description>Module unloaded C:\Windows\WinSxS\x86_microsoft.vc90.mfcloc_1fc8b3b9a1e18e3b_9.0.30729.5570_none_4977a39175471b31\MFC90CHS.DLL</description>
    <severity>2</severity>
    <arg>C:\Windows\WinSxS\x86_microsoft.vc90.mfcloc_1fc8b3b9a1e18e3b_9.0.30729.5570_none_4977a39175471b31\MFC90CHS.DLL</arg>
  </msg>
  <msg id="51" display='true'>
    <type>2003</type>
    <description>Module unloaded C:\Windows\WinSxS\x86_microsoft.windows.common-controls_6595b64144ccf1df_5.82.7600.16661_none_ebfb56996c72aefc\COMCTL32.dll</description>
    <severity>2</severity>
    <arg>C:\Windows\WinSxS\x86_microsoft.windows.common-controls_6595b64144ccf1df_5.82.7600.16661_none_ebfb56996c72aefc\COMCTL32.dll</arg>
  </msg>
  <msg id="52" display='true'>
    <type>2003</type>
    <description>Module unloaded C:\Windows\system32\MSIMG32.dll</description>
    <severity>2</severity>
    <arg>C:\Windows\system32\MSIMG32.dll</arg>
  </msg>
  <msg id="53" display='true'>
    <type>2003</type>
    <description>Module unloaded C:\Windows\system32\dwmapi.dll</description>
    <severity>2</severity>
    <arg>C:\Windows\system32\dwmapi.dll</arg>
  </msg>
  <msg id="54" display='true'>
    <type>2003</type>
    <description>Module unloaded C:\Windows\system32\UxTheme.dll</description>
    <severity>2</severity>
    <arg>C:\Windows\system32\UxTheme.dll</arg>
  </msg>
  <msg id="55" display='true'>
    <type>2003</type>
    <description>Module unloaded C:\Windows\system32\apphelp.dll</description>
    <severity>2</severity>
    <arg>C:\Windows\system32\apphelp.dll</arg>
  </msg>
  <msg id="56" display='true'>
    <type>2003</type>
    <description>Module unloaded C:\Windows\system32\KERNELBASE.dll</description>
    <severity>2</severity>
    <arg>C:\Windows\system32\KERNELBASE.dll</arg>
  </msg>
  <msg id="57" display='true'>
    <type>2003</type>
    <description>Module unloaded C:\Windows\system32\ole32.dll</description>
    <severity>2</severity>
    <arg>C:\Windows\system32\ole32.dll</arg>
  </msg>
  <msg id="58" display='true'>
    <type>2003</type>
    <description>Module unloaded C:\Windows\system32\MSCTF.dll</description>
    <severity>2</severity>
    <arg>C:\Windows\system32\MSCTF.dll</arg>
  </msg>
  <msg id="59" display='true'>
    <type>2003</type>
    <description>Module unloaded C:\Windows\system32\NSI.dll</description>
    <severity>2</severity>
    <arg>C:\Windows\system32\NSI.dll</arg>
  </msg>
  <msg id="60" display='true'>
    <type>2003</type>
    <description>Module unloaded C:\Windows\system32\LPK.dll</description>
    <severity>2</severity>
    <arg>C:\Windows\system32\LPK.dll</arg>
  </msg>
  <msg id="61" display='true'>
    <type>2003</type>
    <description>Module unloaded C:\Windows\system32\GDI32.dll</description>
    <severity>2</severity>
    <arg>C:\Windows\system32\GDI32.dll</arg>
  </msg>
  <msg id="62" display='true'>
    <type>2003</type>
    <description>Module unloaded C:\Windows\system32\OLEAUT32.dll</description>
    <severity>2</severity>
    <arg>C:\Windows\system32\OLEAUT32.dll</arg>
  </msg>
  <msg id="63" display='true'>
    <type>2003</type>
    <description>Module unloaded C:\Windows\system32\SHELL32.dll</description>
    <severity>2</severity>
    <arg>C:\Windows\system32\SHELL32.dll</arg>
  </msg>
  <msg id="64" display='true'>
    <type>2003</type>
    <description>Module unloaded C:\Windows\system32\USP10.dll</description>
    <severity>2</severity>
    <arg>C:\Windows\system32\USP10.dll</arg>
  </msg>
  <msg id="65" display='true'>
    <type>2003</type>
    <description>Module unloaded C:\Windows\system32\IMM32.DLL</description>
    <severity>2</severity>
    <arg>C:\Windows\system32\IMM32.DLL</arg>
  </msg>
  <msg id="66" display='true'>
    <type>2003</type>
    <description>Module unloaded C:\Windows\SYSTEM32\sechost.dll</description>
    <severity>2</severity>
    <arg>C:\Windows\SYSTEM32\sechost.dll</arg>
  </msg>
  <msg id="67" display='true'>
    <type>2003</type>
    <description>Module unloaded C:\Windows\system32\msvcrt.dll</description>
    <severity>2</severity>
    <arg>C:\Windows\system32\msvcrt.dll</arg>
  </msg>
  <msg id="68" display='true'>
    <type>2003</type>
    <description>Module unloaded C:\Windows\system32\kernel32.dll</description>
    <severity>2</severity>
    <arg>C:\Windows\system32\kernel32.dll</arg>
  </msg>
  <msg id="69" display='true'>
    <type>2003</type>
    <description>Module unloaded C:\Windows\system32\USER32.dll</description>
    <severity>2</severity>
    <arg>C:\Windows\system32\USER32.dll</arg>
  </msg>
  <msg id="70" display='true'>
    <type>2003</type>
    <description>Module unloaded C:\Windows\system32\WS2_32.dll</description>
    <severity>2</severity>
    <arg>C:\Windows\system32\WS2_32.dll</arg>
  </msg>
  <msg id="71" display='true'>
    <type>2003</type>
    <description>Module unloaded C:\Windows\system32\ADVAPI32.dll</description>
    <severity>2</severity>
    <arg>C:\Windows\system32\ADVAPI32.dll</arg>
  </msg>
  <msg id="72" display='true'>
    <type>2003</type>
    <description>Module unloaded C:\Windows\system32\SHLWAPI.dll</description>
    <severity>2</severity>
    <arg>C:\Windows\system32\SHLWAPI.dll</arg>
  </msg>
  <msg id="73" display='true'>
    <type>2003</type>
    <description>Module unloaded C:\Windows\SYSTEM32\ntdll.dll</description>
    <severity>2</severity>
    <arg>C:\Windows\SYSTEM32\ntdll.dll</arg>
  </msg>
  <msg id="74" display='true'>
    <type>2003</type>
    <description>Module unloaded C:\Windows\system32\RPCRT4.dll</description>
    <severity>2</severity>
    <arg>C:\Windows\system32\RPCRT4.dll</arg>
  </msg>
  <msg id="75" display='true'>
    <type>2003</type>
    <description>Module unloaded C:\Windows\system32\RICHED32.DLL</description>
    <severity>2</severity>
    <arg>C:\Windows\system32\RICHED32.DLL</arg>
  </msg>
  <msg id="76" display='true'>
    <type>2003</type>
    <description>Module unloaded C:\Windows\system32\RICHED20.dll</description>
    <severity>2</severity>
    <arg>C:\Windows\system32\RICHED20.dll</arg>
  </msg>
  <msg id="77" display='true'>
    <type>2003</type>
    <description>Module unloaded C:\Windows\system32\mswsock.dll</description>
    <severity>2</severity>
    <arg>C:\Windows\system32\mswsock.dll</arg>
  </msg>
  <msg id="78" display='true'>
    <type>2003</type>
    <description>Module unloaded C:\Windows\System32\wshtcpip.dll</description>
    <severity>2</severity>
    <arg>C:\Windows\System32\wshtcpip.dll</arg>
  </msg>
  <msg id="79" display='true'>
    <type>2003</type>
    <description>Module unloaded C:\Program Files\360\360Safe\safemon\safemon.dll</description>
    <severity>2</severity>
    <arg>C:\Program Files\360\360Safe\safemon\safemon.dll</arg>
  </msg>
  <msg id="80" display='true'>
    <type>2003</type>
    <description>Module unloaded C:\Windows\system32\PSAPI.DLL</description>
    <severity>2</severity>
    <arg>C:\Windows\system32\PSAPI.DLL</arg>
  </msg>
  <msg id="81" display='true'>
    <type>2003</type>
    <description>Module unloaded C:\Windows\system32\VERSION.dll</description>
    <severity>2</severity>
    <arg>C:\Windows\system32\VERSION.dll</arg>
  </msg>
  <msg id="82" display='true'>
    <type>2003</type>
    <description>Module unloaded C:\Windows\system32\WININET.dll</description>
    <severity>2</severity>
    <arg>C:\Windows\system32\WININET.dll</arg>
  </msg>
  <msg id="83" display='true'>
    <type>2003</type>
    <description>Module unloaded C:\Windows\system32\Normaliz.dll</description>
    <severity>2</severity>
    <arg>C:\Windows\system32\Normaliz.dll</arg>
  </msg>
  <msg id="84" display='true'>
    <type>2003</type>
    <description>Module unloaded C:\Windows\system32\iertutil.dll</description>
    <severity>2</severity>
    <arg>C:\Windows\system32\iertutil.dll</arg>
  </msg>
  <msg id="85" display='true'>
    <type>2003</type>
    <description>Module unloaded C:\Windows\system32\urlmon.dll</description>
    <severity>2</severity>
    <arg>C:\Windows\system32\urlmon.dll</arg>
  </msg>
  <msg id="86" display='true'>
    <type>2003</type>
    <description>Module unloaded C:\Windows\WinSxS\x86_microsoft.windows.common-controls_6595b64144ccf1df_6.0.7600.20787_none_2b43b51e45274037\comctl32.DLL</description>
    <severity>2</severity>
    <arg>C:\Windows\WinSxS\x86_microsoft.windows.common-controls_6595b64144ccf1df_6.0.7600.20787_none_2b43b51e45274037\comctl32.DLL</arg>
  </msg>
  <msg id="87" display='true'>
    <type>2003</type>
    <description>Module unloaded C:\Windows\system32\CRYPTBASE.dll</description>
    <severity>2</severity>
    <arg>C:\Windows\system32\CRYPTBASE.dll</arg>
  </msg>
  <msg id="88" display='true'>
    <type>2008</type>
    <description>Process I:\MG\Project\MGCode\Bin\Tool\Robot\MGRobot_d.exe exited with code 0. Leak analysis starting - this may take a while.</description>
    <severity>2</severity>
    <arg>I:\MG\Project\MGCode\Bin\Tool\Robot\MGRobot_d.exe</arg>
    <arg>0</arg>
  </msg>
  <msg id="89" display='true'>
    <type>2009</type>
    <description>Analysis completed for I:\MG\Project\MGCode\Bin\Tool\Robot\MGRobot_d.exe</description>
    <severity>2</severity>
    <arg>I:\MG\Project\MGCode\Bin\Tool\Robot\MGRobot_d.exe</arg>
  </msg>
</log>
